# JRE version: OpenJDK Runtime Environment (17.0.6) (build 17.0.6+0-b2043.56-10027231)
# Java VM: OpenJDK 64-Bit Server VM (17.0.6+0-b2043.56-10027231, mixed mode, tiered, compressed oops, compressed class ptrs, g1 gc, windows-amd64)
GC Precious Log:
 CPUs: 8 total, 8 available
 Memory: 15792M
 Large Page Support: Disabled
 NUMA Support: Disabled
 Compressed Oops: Enabled (32-bit)
 Heap Region Size: 1M
 Heap Min Capacity: 8M
 Heap Initial Capacity: 248M
 Heap Max Capacity: 2G
 Pre-touch: Disabled
 Parallel Workers: 8
 Concurrent Workers: 2
 Concurrent Refinement Workers: 8
 Periodic GC: Disabled
Heap:
 garbage-first heap   total 284672K, used 179862K [0x0000000080000000, 0x0000000100000000)
  region size 1024K, 32 young (32768K), 2 survivors (2048K)
 Metaspace       used 138846K, committed 139776K, reserved 1171456K
  class space    used 19496K, committed 19904K, reserved 1048576K
GC Heap History (20 events):
Event: 11.737 GC heap before
{Heap before GC invocations=29 (full 0):
 garbage-first heap   total 194560K, used 127927K [0x0000000080000000, 0x0000000100000000)
  region size 1024K, 21 young (21504K), 5 survivors (5120K)
 Metaspace       used 104318K, committed 105024K, reserved 1146880K
  class space    used 14127K, committed 14464K, reserved 1048576K
}
Event: 11.742 GC heap after
{Heap after GC invocations=30 (full 0):
 garbage-first heap   total 194560K, used 106867K [0x0000000080000000, 0x0000000100000000)
  region size 1024K, 2 young (2048K), 2 survivors (2048K)
 Metaspace       used 104318K, committed 105024K, reserved 1146880K
  class space    used 14127K, committed 14464K, reserved 1048576K
}
Event: 11.786 GC heap before
{Heap before GC invocations=30 (full 0):
 garbage-first heap   total 194560K, used 114035K [0x0000000080000000, 0x0000000100000000)
  region size 1024K, 9 young (9216K), 2 survivors (2048K)
 Metaspace       used 104673K, committed 105408K, reserved 1146880K
  class space    used 14167K, committed 14528K, reserved 1048576K
}
Event: 11.789 GC heap after
{Heap after GC invocations=31 (full 0):
 garbage-first heap   total 233472K, used 106558K [0x0000000080000000, 0x0000000100000000)
  region size 1024K, 2 young (2048K), 2 survivors (2048K)
 Metaspace       used 104673K, committed 105408K, reserved 1146880K
  class space    used 14167K, committed 14528K, reserved 1048576K
}
Event: 12.488 GC heap before
{Heap before GC invocations=31 (full 0):
 garbage-first heap   total 233472K, used 180286K [0x0000000080000000, 0x0000000100000000)
  region size 1024K, 75 young (76800K), 2 survivors (2048K)
 Metaspace       used 106907K, committed 107648K, reserved 1146880K
  class space    used 14413K, committed 14784K, reserved 1048576K
}
Event: 12.494 GC heap after
{Heap after GC invocations=32 (full 0):
 garbage-first heap   total 233472K, used 112544K [0x0000000080000000, 0x0000000100000000)
  region size 1024K, 8 young (8192K), 8 survivors (8192K)
 Metaspace       used 106907K, committed 107648K, reserved 1146880K
  class space    used 14413K, committed 14784K, reserved 1048576K
}
Event: 14.222 GC heap before
{Heap before GC invocations=32 (full 0):
 garbage-first heap   total 233472K, used 182176K [0x0000000080000000, 0x0000000100000000)
  region size 1024K, 77 young (78848K), 8 survivors (8192K)
 Metaspace       used 107770K, committed 108480K, reserved 1146880K
  class space    used 14517K, committed 14848K, reserved 1048576K
}
Event: 14.230 GC heap after
{Heap after GC invocations=33 (full 0):
 garbage-first heap   total 233472K, used 119580K [0x0000000080000000, 0x0000000100000000)
  region size 1024K, 7 young (7168K), 7 survivors (7168K)
 Metaspace       used 107770K, committed 108480K, reserved 1146880K
  class space    used 14517K, committed 14848K, reserved 1048576K
}
Event: 14.676 GC heap before
{Heap before GC invocations=33 (full 0):
 garbage-first heap   total 233472K, used 185116K [0x0000000080000000, 0x0000000100000000)
  region size 1024K, 72 young (73728K), 7 survivors (7168K)
 Metaspace       used 109676K, committed 110400K, reserved 1146880K
  class space    used 14751K, committed 15104K, reserved 1048576K
}
Event: 14.684 GC heap after
{Heap after GC invocations=34 (full 0):
 garbage-first heap   total 233472K, used 122869K [0x0000000080000000, 0x0000000100000000)
  region size 1024K, 5 young (5120K), 5 survivors (5120K)
 Metaspace       used 109676K, committed 110400K, reserved 1146880K
  class space    used 14751K, committed 15104K, reserved 1048576K
}
Event: 15.452 GC heap before
{Heap before GC invocations=34 (full 0):
 garbage-first heap   total 233472K, used 188405K [0x0000000080000000, 0x0000000100000000)
  region size 1024K, 68 young (69632K), 5 survivors (5120K)
 Metaspace       used 117223K, committed 117952K, reserved 1155072K
  class space    used 15673K, committed 16000K, reserved 1048576K
}
Event: 15.462 GC heap after
{Heap after GC invocations=35 (full 0):
 garbage-first heap   total 233472K, used 135605K [0x0000000080000000, 0x0000000100000000)
  region size 1024K, 9 young (9216K), 9 survivors (9216K)
 Metaspace       used 117223K, committed 117952K, reserved 1155072K
  class space    used 15673K, committed 16000K, reserved 1048576K
}
Event: 16.188 GC heap before
{Heap before GC invocations=35 (full 0):
 garbage-first heap   total 233472K, used 186805K [0x0000000080000000, 0x0000000100000000)
  region size 1024K, 58 young (59392K), 9 survivors (9216K)
 Metaspace       used 122610K, committed 123392K, reserved 1163264K
  class space    used 16431K, committed 16832K, reserved 1048576K
}
Event: 16.195 GC heap after
{Heap after GC invocations=36 (full 0):
 garbage-first heap   total 233472K, used 139076K [0x0000000080000000, 0x0000000100000000)
  region size 1024K, 6 young (6144K), 6 survivors (6144K)
 Metaspace       used 122610K, committed 123392K, reserved 1163264K
  class space    used 16431K, committed 16832K, reserved 1048576K
}
Event: 16.579 GC heap before
{Heap before GC invocations=36 (full 0):
 garbage-first heap   total 233472K, used 187204K [0x0000000080000000, 0x0000000100000000)
  region size 1024K, 54 young (55296K), 6 survivors (6144K)
 Metaspace       used 128999K, committed 129792K, reserved 1163264K
  class space    used 17653K, committed 18048K, reserved 1048576K
}
Event: 16.595 GC heap after
{Heap after GC invocations=37 (full 0):
 garbage-first heap   total 233472K, used 146823K [0x0000000080000000, 0x0000000100000000)
  region size 1024K, 7 young (7168K), 7 survivors (7168K)
 Metaspace       used 128999K, committed 129792K, reserved 1163264K
  class space    used 17653K, committed 18048K, reserved 1048576K
}
Event: 16.928 GC heap before
{Heap before GC invocations=37 (full 0):
 garbage-first heap   total 233472K, used 188807K [0x0000000080000000, 0x0000000100000000)
  region size 1024K, 48 young (49152K), 7 survivors (7168K)
 Metaspace       used 134102K, committed 134912K, reserved 1171456K
  class space    used 18557K, committed 18944K, reserved 1048576K
}
Event: 16.935 GC heap after
{Heap after GC invocations=38 (full 0):
 garbage-first heap   total 233472K, used 151040K [0x0000000080000000, 0x0000000100000000)
  region size 1024K, 4 young (4096K), 4 survivors (4096K)
 Metaspace       used 134102K, committed 134912K, reserved 1171456K
  class space    used 18557K, committed 18944K, reserved 1048576K
}
Event: 17.166 GC heap before
{Heap before GC invocations=38 (full 0):
 garbage-first heap   total 233472K, used 190976K [0x0000000080000000, 0x0000000100000000)
  region size 1024K, 43 young (44032K), 4 survivors (4096K)
 Metaspace       used 136783K, committed 137664K, reserved 1171456K
  class space    used 19082K, committed 19520K, reserved 1048576K
}
Event: 17.169 GC heap after
{Heap after GC invocations=39 (full 0):
 garbage-first heap   total 284672K, used 150166K [0x0000000080000000, 0x0000000100000000)
  region size 1024K, 2 young (2048K), 2 survivors (2048K)
 Metaspace       used 136783K, committed 137664K, reserved 1171456K
  class space    used 19082K, committed 19520K, reserved 1048576K
}

